

================================================================
== Vivado HLS Report for 'matrixmul'
================================================================
* Date:           Fri Mar 16 10:10:43 2018

* Version:        2017.2 (Build 1909853 on Thu Jun 15 18:55:24 MDT 2017)
* Project:        MATRIX_MULTIPLICATION_16_PIPELINE_2
* Solution:       solution1
* Product family: artix7
* Target device:  xc7a35tcpg236-3


================================================================
== Performance Estimates
================================================================
+ Timing (ns): 
    * Summary: 
    +--------+-------+----------+------------+
    |  Clock | Target| Estimated| Uncertainty|
    +--------+-------+----------+------------+
    |ap_clk  |  10.00|      8.02|        1.25|
    +--------+-------+----------+------------+

+ Latency (clock cycles): 
    * Summary: 
    +-----+-----+-----+-----+---------+
    |  Latency  |  Interval | Pipeline|
    | min | max | min | max |   Type  |
    +-----+-----+-----+-----+---------+
    |   21|   21|   22|   22|   none  |
    +-----+-----+-----+-----+---------+

    + Detail: 
        * Instance: 
        N/A

        * Loop: 
        +-----------+-----+-----+----------+-----------+-----------+------+----------+
        |           |  Latency  | Iteration|  Initiation Interval  | Trip |          |
        | Loop Name | min | max |  Latency |  achieved |   target  | Count| Pipelined|
        +-----------+-----+-----+----------+-----------+-----------+------+----------+
        |- Row_Col  |   19|   19|         4|          2|          1|     9|    yes   |
        +-----------+-----+-----+----------+-----------+-----------+------+----------+

============================================================
+ Verbose Summary: Synthesis Manager
============================================================
InlineROM: 1
ExposeGlobal: 0
============================================================
+ Verbose Summary: CDFG Model
============================================================
IsTopModel: 1
ResetActiveHigh: 1
IsCombinational: 0
IsDatapathOnly: 0
HasWiredReturn: 1
HasMFsm: 0
HasVarLatency: 1
IsPipeline: 0
IsRtlPipelined: 0
IsInstanceOverlapped: 0
IsDontTouch: 0
HasImplIP: 0
IsGatedGlobalClock: 0

+ Individual pipeline summary: 
  * Pipeline-0: initiation interval (II) = 2, depth = 4


============================================================
+ Verbose Summary: Schedule
============================================================
* Number of FSM states: 6
* Pipeline: 1
  Pipeline-0: II = 2, D = 4, States = { 2 3 4 5 }
* Dataflow Pipeline: 0

* FSM state transitions: 
1 --> 
	2  / true
2 --> 
	6  / (exitcond_flatten)
	3  / (!exitcond_flatten)
3 --> 
	4  / true
4 --> 
	5  / true
5 --> 
	2  / true
6 --> 
* FSM state operations: 

 <State 1>: 1.17ns
ST_1: StgValue_7 (4)  [1/1] 0.00ns
:0  call void (...)* @_ssdm_op_SpecBitsMap([9 x i8]* %a) nounwind, !map !7

ST_1: StgValue_8 (5)  [1/1] 0.00ns
:1  call void (...)* @_ssdm_op_SpecBitsMap([9 x i8]* %b) nounwind, !map !13

ST_1: StgValue_9 (6)  [1/1] 0.00ns
:2  call void (...)* @_ssdm_op_SpecBitsMap([9 x i16]* %res) nounwind, !map !17

ST_1: StgValue_10 (7)  [1/1] 0.00ns
:3  call void (...)* @_ssdm_op_SpecTopModule([10 x i8]* @matrixmul_str) nounwind

ST_1: StgValue_11 (8)  [1/1] 1.17ns  loc: ../../../../../../home/drsatya/Desktop/lab1/MAT_PIPELINE_2.cpp:10
:4  br label %1


 <State 2>: 8.02ns
ST_2: indvar_flatten (10)  [1/1] 0.00ns
:0  %indvar_flatten = phi i4 [ 0, %0 ], [ %indvar_flatten_next, %.reset ]

ST_2: i (11)  [1/1] 0.00ns  loc: ../../../../../../home/drsatya/Desktop/lab1/MAT_PIPELINE_2.cpp:16
:1  %i = phi i2 [ 0, %0 ], [ %tmp_mid2_v, %.reset ]

ST_2: j (12)  [1/1] 0.00ns
:2  %j = phi i2 [ 0, %0 ], [ %j_1, %.reset ]

ST_2: exitcond_flatten (13)  [1/1] 2.11ns
:3  %exitcond_flatten = icmp eq i4 %indvar_flatten, -7

ST_2: indvar_flatten_next (14)  [1/1] 1.69ns
:4  %indvar_flatten_next = add i4 %indvar_flatten, 1

ST_2: StgValue_17 (15)  [1/1] 0.00ns
:5  br i1 %exitcond_flatten, label %2, label %.reset

ST_2: i_1 (17)  [1/1] 1.58ns  loc: ../../../../../../home/drsatya/Desktop/lab1/MAT_PIPELINE_2.cpp:10
.reset:0  %i_1 = add i2 %i, 1

ST_2: exitcond (20)  [1/1] 1.50ns  loc: ../../../../../../home/drsatya/Desktop/lab1/MAT_PIPELINE_2.cpp:13
.reset:3  %exitcond = icmp eq i2 %j, -1

ST_2: j_mid2 (21)  [1/1] 1.50ns  loc: ../../../../../../home/drsatya/Desktop/lab1/MAT_PIPELINE_2.cpp:13
.reset:4  %j_mid2 = select i1 %exitcond, i2 0, i2 %j

ST_2: tmp_mid2_v (22)  [1/1] 1.50ns  loc: ../../../../../../home/drsatya/Desktop/lab1/MAT_PIPELINE_2.cpp:16
.reset:5  %tmp_mid2_v = select i1 %exitcond, i2 %i_1, i2 %i

ST_2: tmp_mid2_cast (23)  [1/1] 0.00ns  loc: ../../../../../../home/drsatya/Desktop/lab1/MAT_PIPELINE_2.cpp:16
.reset:6  %tmp_mid2_cast = zext i2 %tmp_mid2_v to i5

ST_2: tmp (24)  [1/1] 0.00ns  loc: ../../../../../../home/drsatya/Desktop/lab1/MAT_PIPELINE_2.cpp:16
.reset:7  %tmp = call i4 @_ssdm_op_BitConcatenate.i4.i2.i2(i2 %tmp_mid2_v, i2 0)

ST_2: p_shl_cast (25)  [1/1] 0.00ns  loc: ../../../../../../home/drsatya/Desktop/lab1/MAT_PIPELINE_2.cpp:19
.reset:8  %p_shl_cast = zext i4 %tmp to i5

ST_2: tmp_1 (26)  [1/1] 1.69ns  loc: ../../../../../../home/drsatya/Desktop/lab1/MAT_PIPELINE_2.cpp:19
.reset:9  %tmp_1 = sub i5 %p_shl_cast, %tmp_mid2_cast

ST_2: tmp_1_cast (27)  [1/1] 0.00ns  loc: ../../../../../../home/drsatya/Desktop/lab1/MAT_PIPELINE_2.cpp:19
.reset:10  %tmp_1_cast = sext i5 %tmp_1 to i64

ST_2: a_addr (28)  [1/1] 0.00ns  loc: ../../../../../../home/drsatya/Desktop/lab1/MAT_PIPELINE_2.cpp:19
.reset:11  %a_addr = getelementptr [9 x i8]* %a, i64 0, i64 %tmp_1_cast

ST_2: tmp_8 (32)  [1/1] 1.69ns  loc: ../../../../../../home/drsatya/Desktop/lab1/MAT_PIPELINE_2.cpp:19
.reset:15  %tmp_8 = add i5 %tmp_1, 2

ST_2: tmp_8_cast (33)  [1/1] 0.00ns  loc: ../../../../../../home/drsatya/Desktop/lab1/MAT_PIPELINE_2.cpp:19
.reset:16  %tmp_8_cast = sext i5 %tmp_8 to i64

ST_2: a_addr_2 (34)  [1/1] 0.00ns  loc: ../../../../../../home/drsatya/Desktop/lab1/MAT_PIPELINE_2.cpp:19
.reset:17  %a_addr_2 = getelementptr [9 x i8]* %a, i64 0, i64 %tmp_8_cast

ST_2: tmp_2 (38)  [1/1] 0.00ns  loc: ../../../../../../home/drsatya/Desktop/lab1/MAT_PIPELINE_2.cpp:16
.reset:21  %tmp_2 = zext i2 %j_mid2 to i64

ST_2: tmp_2_cast3 (40)  [1/1] 0.00ns  loc: ../../../../../../home/drsatya/Desktop/lab1/MAT_PIPELINE_2.cpp:19
.reset:23  %tmp_2_cast3 = zext i2 %j_mid2 to i4

ST_2: b_addr (42)  [1/1] 0.00ns  loc: ../../../../../../home/drsatya/Desktop/lab1/MAT_PIPELINE_2.cpp:19
.reset:25  %b_addr = getelementptr [9 x i8]* %b, i64 0, i64 %tmp_2

ST_2: tmp_s (46)  [1/1] 1.69ns  loc: ../../../../../../home/drsatya/Desktop/lab1/MAT_PIPELINE_2.cpp:19
.reset:29  %tmp_s = add i4 %tmp_2_cast3, 6

ST_2: tmp_10_cast (47)  [1/1] 0.00ns  loc: ../../../../../../home/drsatya/Desktop/lab1/MAT_PIPELINE_2.cpp:19
.reset:30  %tmp_10_cast = zext i4 %tmp_s to i64

ST_2: b_addr_2 (48)  [1/1] 0.00ns  loc: ../../../../../../home/drsatya/Desktop/lab1/MAT_PIPELINE_2.cpp:19
.reset:31  %b_addr_2 = getelementptr [9 x i8]* %b, i64 0, i64 %tmp_10_cast

ST_2: a_load (52)  [2/2] 1.57ns  loc: ../../../../../../home/drsatya/Desktop/lab1/MAT_PIPELINE_2.cpp:19
.reset:35  %a_load = load i8* %a_addr, align 1

ST_2: b_load (54)  [2/2] 1.57ns  loc: ../../../../../../home/drsatya/Desktop/lab1/MAT_PIPELINE_2.cpp:19
.reset:37  %b_load = load i8* %b_addr, align 1

ST_2: a_load_2 (62)  [2/2] 1.57ns  loc: ../../../../../../home/drsatya/Desktop/lab1/MAT_PIPELINE_2.cpp:19
.reset:45  %a_load_2 = load i8* %a_addr_2, align 1

ST_2: b_load_2 (64)  [2/2] 1.57ns  loc: ../../../../../../home/drsatya/Desktop/lab1/MAT_PIPELINE_2.cpp:19
.reset:47  %b_load_2 = load i8* %b_addr_2, align 1


 <State 3>: 3.25ns
ST_3: tmp_4 (29)  [1/1] 1.69ns  loc: ../../../../../../home/drsatya/Desktop/lab1/MAT_PIPELINE_2.cpp:19
.reset:12  %tmp_4 = add i5 %tmp_1, 1

ST_3: tmp_4_cast (30)  [1/1] 0.00ns  loc: ../../../../../../home/drsatya/Desktop/lab1/MAT_PIPELINE_2.cpp:19
.reset:13  %tmp_4_cast = sext i5 %tmp_4 to i64

ST_3: a_addr_1 (31)  [1/1] 0.00ns  loc: ../../../../../../home/drsatya/Desktop/lab1/MAT_PIPELINE_2.cpp:19
.reset:14  %a_addr_1 = getelementptr [9 x i8]* %a, i64 0, i64 %tmp_4_cast

ST_3: tmp_2_cast4 (39)  [1/1] 0.00ns  loc: ../../../../../../home/drsatya/Desktop/lab1/MAT_PIPELINE_2.cpp:19
.reset:22  %tmp_2_cast4 = zext i2 %j_mid2 to i5

ST_3: tmp_2_cast (41)  [1/1] 0.00ns  loc: ../../../../../../home/drsatya/Desktop/lab1/MAT_PIPELINE_2.cpp:19
.reset:24  %tmp_2_cast = zext i2 %j_mid2 to i3

ST_3: tmp_9 (43)  [1/1] 1.63ns  loc: ../../../../../../home/drsatya/Desktop/lab1/MAT_PIPELINE_2.cpp:19
.reset:26  %tmp_9 = add i3 %tmp_2_cast, 3

ST_3: tmp_9_cast (44)  [1/1] 0.00ns  loc: ../../../../../../home/drsatya/Desktop/lab1/MAT_PIPELINE_2.cpp:19
.reset:27  %tmp_9_cast = zext i3 %tmp_9 to i64

ST_3: b_addr_1 (45)  [1/1] 0.00ns  loc: ../../../../../../home/drsatya/Desktop/lab1/MAT_PIPELINE_2.cpp:19
.reset:28  %b_addr_1 = getelementptr [9 x i8]* %b, i64 0, i64 %tmp_9_cast

ST_3: tmp_10 (49)  [1/1] 1.69ns  loc: ../../../../../../home/drsatya/Desktop/lab1/MAT_PIPELINE_2.cpp:16
.reset:32  %tmp_10 = add i5 %tmp_1, %tmp_2_cast4

ST_3: a_load (52)  [1/2] 1.57ns  loc: ../../../../../../home/drsatya/Desktop/lab1/MAT_PIPELINE_2.cpp:19
.reset:35  %a_load = load i8* %a_addr, align 1

ST_3: b_load (54)  [1/2] 1.57ns  loc: ../../../../../../home/drsatya/Desktop/lab1/MAT_PIPELINE_2.cpp:19
.reset:37  %b_load = load i8* %b_addr, align 1

ST_3: a_load_1 (57)  [2/2] 1.57ns  loc: ../../../../../../home/drsatya/Desktop/lab1/MAT_PIPELINE_2.cpp:19
.reset:40  %a_load_1 = load i8* %a_addr_1, align 1

ST_3: b_load_1 (59)  [2/2] 1.57ns  loc: ../../../../../../home/drsatya/Desktop/lab1/MAT_PIPELINE_2.cpp:19
.reset:42  %b_load_1 = load i8* %b_addr_1, align 1

ST_3: a_load_2 (62)  [1/2] 1.57ns  loc: ../../../../../../home/drsatya/Desktop/lab1/MAT_PIPELINE_2.cpp:19
.reset:45  %a_load_2 = load i8* %a_addr_2, align 1

ST_3: b_load_2 (64)  [1/2] 1.57ns  loc: ../../../../../../home/drsatya/Desktop/lab1/MAT_PIPELINE_2.cpp:19
.reset:47  %b_load_2 = load i8* %b_addr_2, align 1

ST_3: j_1 (71)  [1/1] 1.58ns  loc: ../../../../../../home/drsatya/Desktop/lab1/MAT_PIPELINE_2.cpp:13
.reset:54  %j_1 = add i2 %j_mid2, 1


 <State 4>: 8.00ns
ST_4: tmp_5 (53)  [1/1] 0.00ns  loc: ../../../../../../home/drsatya/Desktop/lab1/MAT_PIPELINE_2.cpp:19
.reset:36  %tmp_5 = sext i8 %a_load to i16

ST_4: tmp_6 (55)  [1/1] 0.00ns  loc: ../../../../../../home/drsatya/Desktop/lab1/MAT_PIPELINE_2.cpp:19
.reset:38  %tmp_6 = sext i8 %b_load to i16

ST_4: tmp_7 (56)  [1/1] 2.46ns  loc: ../../../../../../home/drsatya/Desktop/lab1/MAT_PIPELINE_2.cpp:19
.reset:39  %tmp_7 = mul i16 %tmp_6, %tmp_5

ST_4: a_load_1 (57)  [1/2] 1.57ns  loc: ../../../../../../home/drsatya/Desktop/lab1/MAT_PIPELINE_2.cpp:19
.reset:40  %a_load_1 = load i8* %a_addr_1, align 1

ST_4: b_load_1 (59)  [1/2] 1.57ns  loc: ../../../../../../home/drsatya/Desktop/lab1/MAT_PIPELINE_2.cpp:19
.reset:42  %b_load_1 = load i8* %b_addr_1, align 1

ST_4: tmp_5_2 (63)  [1/1] 0.00ns  loc: ../../../../../../home/drsatya/Desktop/lab1/MAT_PIPELINE_2.cpp:19
.reset:46  %tmp_5_2 = sext i8 %a_load_2 to i16

ST_4: tmp_6_2 (65)  [1/1] 0.00ns  loc: ../../../../../../home/drsatya/Desktop/lab1/MAT_PIPELINE_2.cpp:19
.reset:48  %tmp_6_2 = sext i8 %b_load_2 to i16

ST_4: tmp_7_2 (66)  [1/1] 4.67ns  loc: ../../../../../../home/drsatya/Desktop/lab1/MAT_PIPELINE_2.cpp:19
.reset:49  %tmp_7_2 = mul i16 %tmp_6_2, %tmp_5_2

ST_4: tmp1 (67)  [1/1] 3.33ns  loc: ../../../../../../home/drsatya/Desktop/lab1/MAT_PIPELINE_2.cpp:19
.reset:50  %tmp1 = add i16 %tmp_7_2, %tmp_7


 <State 5>: 7.36ns
ST_5: StgValue_66 (18)  [1/1] 0.00ns
.reset:1  call void (...)* @_ssdm_op_SpecLoopName([8 x i8]* @Row_Col_str)

ST_5: empty (19)  [1/1] 0.00ns
.reset:2  %empty = call i32 (...)* @_ssdm_op_SpecLoopTripCount(i64 9, i64 9, i64 9) nounwind

ST_5: StgValue_68 (35)  [1/1] 0.00ns  loc: ../../../../../../home/drsatya/Desktop/lab1/MAT_PIPELINE_2.cpp:13
.reset:18  call void (...)* @_ssdm_op_SpecLoopName([4 x i8]* @p_str1) nounwind

ST_5: tmp_3 (36)  [1/1] 0.00ns  loc: ../../../../../../home/drsatya/Desktop/lab1/MAT_PIPELINE_2.cpp:13
.reset:19  %tmp_3 = call i32 (...)* @_ssdm_op_SpecRegionBegin([4 x i8]* @p_str1) nounwind

ST_5: StgValue_70 (37)  [1/1] 0.00ns  loc: ../../../../../../home/drsatya/Desktop/lab1/MAT_PIPELINE_2.cpp:14
.reset:20  call void (...)* @_ssdm_op_SpecPipeline(i32 1, i32 1, i32 1, i32 0, [1 x i8]* @p_str2) nounwind

ST_5: tmp_11_cast (50)  [1/1] 0.00ns  loc: ../../../../../../home/drsatya/Desktop/lab1/MAT_PIPELINE_2.cpp:16
.reset:33  %tmp_11_cast = sext i5 %tmp_10 to i64

ST_5: res_addr (51)  [1/1] 0.00ns  loc: ../../../../../../home/drsatya/Desktop/lab1/MAT_PIPELINE_2.cpp:16
.reset:34  %res_addr = getelementptr [9 x i16]* %res, i64 0, i64 %tmp_11_cast

ST_5: tmp_5_1 (58)  [1/1] 0.00ns  loc: ../../../../../../home/drsatya/Desktop/lab1/MAT_PIPELINE_2.cpp:19
.reset:41  %tmp_5_1 = sext i8 %a_load_1 to i16

ST_5: tmp_6_1 (60)  [1/1] 0.00ns  loc: ../../../../../../home/drsatya/Desktop/lab1/MAT_PIPELINE_2.cpp:19
.reset:43  %tmp_6_1 = sext i8 %b_load_1 to i16

ST_5: tmp_7_1 (61)  [1/1] 2.46ns  loc: ../../../../../../home/drsatya/Desktop/lab1/MAT_PIPELINE_2.cpp:19
.reset:44  %tmp_7_1 = mul i16 %tmp_6_1, %tmp_5_1

ST_5: tmp_8_2 (68)  [1/1] 3.33ns  loc: ../../../../../../home/drsatya/Desktop/lab1/MAT_PIPELINE_2.cpp:19
.reset:51  %tmp_8_2 = add i16 %tmp_7_1, %tmp1

ST_5: StgValue_77 (69)  [1/1] 1.57ns  loc: ../../../../../../home/drsatya/Desktop/lab1/MAT_PIPELINE_2.cpp:19
.reset:52  store i16 %tmp_8_2, i16* %res_addr, align 2

ST_5: empty_2 (70)  [1/1] 0.00ns  loc: ../../../../../../home/drsatya/Desktop/lab1/MAT_PIPELINE_2.cpp:21
.reset:53  %empty_2 = call i32 (...)* @_ssdm_op_SpecRegionEnd([4 x i8]* @p_str1, i32 %tmp_3) nounwind

ST_5: StgValue_79 (72)  [1/1] 0.00ns
.reset:55  br label %1


 <State 6>: 0.00ns
ST_6: StgValue_80 (74)  [1/1] 0.00ns  loc: ../../../../../../home/drsatya/Desktop/lab1/MAT_PIPELINE_2.cpp:23
:0  ret void



============================================================
+ Verbose Summary: Timing violations
============================================================
Target clock period: 10ns, clock uncertainty: 1.25ns.

 <State 1>: 1.17ns
The critical path consists of the following:
	multiplexor before 'phi' operation ('indvar_flatten') with incoming values : ('indvar_flatten_next') [10]  (1.17 ns)

 <State 2>: 8.02ns
The critical path consists of the following:
	'phi' operation ('i', ../../../../../../home/drsatya/Desktop/lab1/MAT_PIPELINE_2.cpp:16) with incoming values : ('tmp_mid2_v', ../../../../../../home/drsatya/Desktop/lab1/MAT_PIPELINE_2.cpp:16) [11]  (0 ns)
	'add' operation ('i', ../../../../../../home/drsatya/Desktop/lab1/MAT_PIPELINE_2.cpp:10) [17]  (1.58 ns)
	'select' operation ('tmp_mid2_v', ../../../../../../home/drsatya/Desktop/lab1/MAT_PIPELINE_2.cpp:16) [22]  (1.5 ns)
	'sub' operation ('tmp_1', ../../../../../../home/drsatya/Desktop/lab1/MAT_PIPELINE_2.cpp:19) [26]  (1.69 ns)
	'add' operation ('tmp_8', ../../../../../../home/drsatya/Desktop/lab1/MAT_PIPELINE_2.cpp:19) [32]  (1.69 ns)
	'getelementptr' operation ('a_addr_2', ../../../../../../home/drsatya/Desktop/lab1/MAT_PIPELINE_2.cpp:19) [34]  (0 ns)
	'load' operation ('a_load_2', ../../../../../../home/drsatya/Desktop/lab1/MAT_PIPELINE_2.cpp:19) on array 'a' [62]  (1.57 ns)

 <State 3>: 3.25ns
The critical path consists of the following:
	'add' operation ('tmp_4', ../../../../../../home/drsatya/Desktop/lab1/MAT_PIPELINE_2.cpp:19) [29]  (1.69 ns)
	'getelementptr' operation ('a_addr_1', ../../../../../../home/drsatya/Desktop/lab1/MAT_PIPELINE_2.cpp:19) [31]  (0 ns)
	'load' operation ('a_load_1', ../../../../../../home/drsatya/Desktop/lab1/MAT_PIPELINE_2.cpp:19) on array 'a' [57]  (1.57 ns)

 <State 4>: 8ns
The critical path consists of the following:
	'mul' operation ('tmp_7_2', ../../../../../../home/drsatya/Desktop/lab1/MAT_PIPELINE_2.cpp:19) [66]  (4.67 ns)
	'add' operation ('tmp1', ../../../../../../home/drsatya/Desktop/lab1/MAT_PIPELINE_2.cpp:19) [67]  (3.33 ns)

 <State 5>: 7.36ns
The critical path consists of the following:
	'mul' operation ('tmp_7_1', ../../../../../../home/drsatya/Desktop/lab1/MAT_PIPELINE_2.cpp:19) [61]  (2.46 ns)
	'add' operation ('tmp_8_2', ../../../../../../home/drsatya/Desktop/lab1/MAT_PIPELINE_2.cpp:19) [68]  (3.33 ns)
	'store' operation (../../../../../../home/drsatya/Desktop/lab1/MAT_PIPELINE_2.cpp:19) of variable 'tmp_8_2', ../../../../../../home/drsatya/Desktop/lab1/MAT_PIPELINE_2.cpp:19 on array 'res' [69]  (1.57 ns)

 <State 6>: 0ns
The critical path consists of the following:


============================================================
+ Verbose Summary: Binding
============================================================
N/A
* FSMD analyzer results:
  - Output states:
 - Input state : 
  - Chain level:
	State 1
	State 2
	State 3
	State 4
	State 5
	State 6


============================================================
+ Verbose Summary: Datapath Resource usage 
============================================================
N/A
