Copyright 1986-2017 Xilinx, Inc. All Rights Reserved.
------------------------------------------------------------------------------------
| Tool Version : Vivado v.2017.2 (lin64) Build 1909853 Thu Jun 15 18:39:10 MDT 2017
| Date         : Fri Mar 16 09:51:41 2018
| Host         : drsatya-OptiPlex-990 running 64-bit Ubuntu 12.04.4 LTS
| Command      : report_timing -file ./report/matrixmul_timing_synth.rpt
| Design       : matrixmul
| Device       : 7a35t-cpg236
| Speed File   : -3  PRODUCTION 1.17 2017-05-11
------------------------------------------------------------------------------------

Timing Report

Slack (MET) :             7.785ns  (required time - arrival time)
  Source:                 matrixmul_mac_mulbkb_U1/matrixmul_mac_mulbkb_DSP48_0_U/p/CLK
                            (rising edge-triggered cell DSP48E1 clocked by ap_clk  {rise@0.000ns fall@5.000ns period=10.000ns})
  Destination:            matrixmul_mac_mulbkb_U1/matrixmul_mac_mulbkb_DSP48_0_U/p/C[0]
                            (rising edge-triggered cell DSP48E1 clocked by ap_clk  {rise@0.000ns fall@5.000ns period=10.000ns})
  Path Group:             ap_clk
  Path Type:              Setup (Max at Slow Process Corner)
  Requirement:            10.000ns  (ap_clk rise@10.000ns - ap_clk rise@0.000ns)
  Data Path Delay:        0.900ns  (logic 0.329ns (36.547%)  route 0.571ns (63.453%))
  Logic Levels:           0  
  Clock Path Skew:        -0.035ns (DCD - SCD + CPR)
    Destination Clock Delay (DCD):    0.669ns = ( 10.669 - 10.000 ) 
    Source Clock Delay      (SCD):    0.704ns
    Clock Pessimism Removal (CPR):    0.000ns
  Clock Uncertainty:      0.035ns  ((TSJ^2 + TIJ^2)^1/2 + DJ) / 2 + PE
    Total System Jitter     (TSJ):    0.071ns
    Total Input Jitter      (TIJ):    0.000ns
    Discrete Jitter          (DJ):    0.000ns
    Phase Error              (PE):    0.000ns

    Location             Delay type                Incr(ns)  Path(ns)    Netlist Resource(s)
  -------------------------------------------------------------------    -------------------
                         (clock ap_clk rise edge)     0.000     0.000 r  
                                                      0.000     0.000 r  ap_clk (IN)
                         net (fo=27, unset)           0.704     0.704    matrixmul_mac_mulbkb_U1/matrixmul_mac_mulbkb_DSP48_0_U/ap_clk
                         DSP48E1                                      r  matrixmul_mac_mulbkb_U1/matrixmul_mac_mulbkb_DSP48_0_U/p/CLK
  -------------------------------------------------------------------    -------------------
                         DSP48E1 (Prop_dsp48e1_CLK_P[0])
                                                      0.329     1.033 r  matrixmul_mac_mulbkb_U1/matrixmul_mac_mulbkb_DSP48_0_U/p/P[0]
                         net (fo=1, unplaced)         0.571     1.604    matrixmul_mac_mulbkb_U1/matrixmul_mac_mulbkb_DSP48_0_U/P[0]
                         DSP48E1                                      r  matrixmul_mac_mulbkb_U1/matrixmul_mac_mulbkb_DSP48_0_U/p/C[0]
  -------------------------------------------------------------------    -------------------

                         (clock ap_clk rise edge)    10.000    10.000 r  
                                                      0.000    10.000 r  ap_clk (IN)
                         net (fo=27, unset)           0.669    10.669    matrixmul_mac_mulbkb_U1/matrixmul_mac_mulbkb_DSP48_0_U/ap_clk
                         DSP48E1                                      r  matrixmul_mac_mulbkb_U1/matrixmul_mac_mulbkb_DSP48_0_U/p/CLK
                         clock pessimism              0.000    10.669    
                         clock uncertainty           -0.035    10.633    
                         DSP48E1 (Setup_dsp48e1_CLK_C[0])
                                                     -1.244     9.389    matrixmul_mac_mulbkb_U1/matrixmul_mac_mulbkb_DSP48_0_U/p
  -------------------------------------------------------------------
                         required time                          9.389    
                         arrival time                          -1.604    
  -------------------------------------------------------------------
                         slack                                  7.785    




