

================================================================
== Vivado HLS Report for 'matrixmul'
================================================================
* Date:           Fri Mar 16 10:10:43 2018

* Version:        2017.2 (Build 1909853 on Thu Jun 15 18:55:24 MDT 2017)
* Project:        MATRIX_MULTIPLICATION_16_PIPELINE_2
* Solution:       solution1
* Product family: artix7
* Target device:  xc7a35tcpg236-3


================================================================
== Performance Estimates
================================================================
+ Timing (ns): 
    * Summary: 
    +--------+-------+----------+------------+
    |  Clock | Target| Estimated| Uncertainty|
    +--------+-------+----------+------------+
    |ap_clk  |  10.00|      8.02|        1.25|
    +--------+-------+----------+------------+

+ Latency (clock cycles): 
    * Summary: 
    +-----+-----+-----+-----+---------+
    |  Latency  |  Interval | Pipeline|
    | min | max | min | max |   Type  |
    +-----+-----+-----+-----+---------+
    |   21|   21|   22|   22|   none  |
    +-----+-----+-----+-----+---------+

    + Detail: 
        * Instance: 
        N/A

        * Loop: 
        +-----------+-----+-----+----------+-----------+-----------+------+----------+
        |           |  Latency  | Iteration|  Initiation Interval  | Trip |          |
        | Loop Name | min | max |  Latency |  achieved |   target  | Count| Pipelined|
        +-----------+-----+-----+----------+-----------+-----------+------+----------+
        |- Row_Col  |   19|   19|         4|          2|          1|     9|    yes   |
        +-----------+-----+-----+----------+-----------+-----------+------+----------+



================================================================
== Utilization Estimates
================================================================
* Summary: 
+-----------------+---------+-------+-------+-------+
|       Name      | BRAM_18K| DSP48E|   FF  |  LUT  |
+-----------------+---------+-------+-------+-------+
|DSP              |        -|      2|      -|      -|
|Expression       |        -|      0|    150|    156|
|FIFO             |        -|      -|      -|      -|
|Instance         |        -|      -|      -|      -|
|Memory           |        -|      -|      -|      -|
|Multiplexer      |        -|      -|      -|    126|
|Register         |        -|      -|     84|      -|
+-----------------+---------+-------+-------+-------+
|Total            |        0|      2|    234|    282|
+-----------------+---------+-------+-------+-------+
|Available        |      100|     90|  41600|  20800|
+-----------------+---------+-------+-------+-------+
|Utilization (%)  |        0|      2|   ~0  |      1|
+-----------------+---------+-------+-------+-------+

+ Detail: 
    * Instance: 
    N/A

    * DSP48: 
    +-------------------------+----------------------+--------------+
    |         Instance        |        Module        |  Expression  |
    +-------------------------+----------------------+--------------+
    |matrixmul_mac_mulbkb_U1  |matrixmul_mac_mulbkb  | i0 + i1 * i2 |
    |matrixmul_mac_mulcud_U2  |matrixmul_mac_mulcud  | i0 * i1 + i2 |
    +-------------------------+----------------------+--------------+

    * Memory: 
    N/A

    * FIFO: 
    N/A

    * Expression: 
    +-------------------------------+----------+-------+----+----+------------+------------+
    |         Variable Name         | Operation| DSP48E| FF | LUT| Bitwidth P0| Bitwidth P1|
    +-------------------------------+----------+-------+----+----+------------+------------+
    |grp_fu_340_p2                  |     *    |      0|   0|  62|           8|           8|
    |i_1_fu_185_p2                  |     +    |      0|  11|   8|           2|           1|
    |indvar_flatten_next_fu_179_p2  |     +    |      0|  17|   9|           4|           1|
    |j_1_fu_303_p2                  |     +    |      0|  11|   8|           2|           1|
    |tmp_10_fu_298_p2               |     +    |      0|  20|  10|           5|           5|
    |tmp_4_fu_271_p2                |     +    |      0|  20|  10|           5|           1|
    |tmp_8_fu_240_p2                |     +    |      0|  20|  10|           5|           2|
    |tmp_9_fu_287_p2                |     +    |      0|  14|   9|           3|           2|
    |tmp_s_fu_260_p2                |     +    |      0|  17|   9|           4|           3|
    |tmp_1_fu_229_p2                |     -    |      0|  20|  10|           5|           5|
    |exitcond_flatten_fu_173_p2     |   icmp   |      0|   0|   2|           4|           4|
    |exitcond_fu_191_p2             |   icmp   |      0|   0|   1|           2|           2|
    |j_mid2_fu_197_p3               |  select  |      0|   0|   2|           1|           1|
    |tmp_mid2_v_fu_205_p3           |  select  |      0|   0|   2|           1|           2|
    |ap_enable_pp0                  |    xor   |      0|   0|   2|           1|           2|
    |ap_enable_reg_pp0_iter1        |    xor   |      0|   0|   2|           1|           2|
    +-------------------------------+----------+-------+----+----+------------+------------+
    |Total                          |          |      0| 150| 156|          53|          42|
    +-------------------------------+----------+-------+----+----+------------+------------+

    * Multiplexer: 
    +------------------------------+----+-----------+-----+-----------+
    |             Name             | LUT| Input Size| Bits| Total Bits|
    +------------------------------+----+-----------+-----+-----------+
    |a_address0                    |  15|          3|    4|         12|
    |ap_NS_fsm                     |  27|          5|    1|          5|
    |ap_enable_reg_pp0_iter1       |  15|          3|    1|          3|
    |b_address0                    |  15|          3|    4|         12|
    |i_phi_fu_147_p4               |   9|          2|    2|          4|
    |i_reg_143                     |   9|          2|    2|          4|
    |indvar_flatten_phi_fu_136_p4  |   9|          2|    4|          8|
    |indvar_flatten_reg_132        |   9|          2|    4|          8|
    |j_phi_fu_158_p4               |   9|          2|    2|          4|
    |j_reg_154                     |   9|          2|    2|          4|
    +------------------------------+----+-----------+-----+-----------+
    |Total                         | 126|         26|   26|         64|
    +------------------------------+----+-----------+-----+-----------+

    * Register: 
    +-------------------------------------------+----+----+-----+-----------+
    |                    Name                   | FF | LUT| Bits| Const Bits|
    +-------------------------------------------+----+----+-----+-----------+
    |a_load_2_reg_418                           |   8|   0|    8|          0|
    |ap_CS_fsm                                  |   4|   0|    4|          0|
    |ap_enable_reg_pp0_iter0                    |   1|   0|    1|          0|
    |ap_enable_reg_pp0_iter1                    |   1|   0|    1|          0|
    |ap_reg_pp0_iter1_exitcond_flatten_reg_356  |   1|   0|    1|          0|
    |b_load_2_reg_423                           |   8|   0|    8|          0|
    |exitcond_flatten_reg_356                   |   1|   0|    1|          0|
    |i_reg_143                                  |   2|   0|    2|          0|
    |indvar_flatten_next_reg_360                |   4|   0|    4|          0|
    |indvar_flatten_reg_132                     |   4|   0|    4|          0|
    |j_1_reg_428                                |   2|   0|    2|          0|
    |j_mid2_reg_365                             |   2|   0|    2|          0|
    |j_reg_154                                  |   2|   0|    2|          0|
    |reg_165                                    |   8|   0|    8|          0|
    |reg_169                                    |   8|   0|    8|          0|
    |tmp1_reg_433                               |  16|   0|   16|          0|
    |tmp_10_reg_413                             |   5|   0|    5|          0|
    |tmp_1_reg_377                              |   5|   0|    5|          0|
    |tmp_mid2_v_reg_372                         |   2|   0|    2|          0|
    +-------------------------------------------+----+----+-----+-----------+
    |Total                                      |  84|   0|   84|          0|
    +-------------------------------------------+----+----+-----+-----------+



================================================================
== Interface
================================================================
* Summary: 
+--------------+-----+-----+------------+--------------+--------------+
|   RTL Ports  | Dir | Bits|  Protocol  | Source Object|    C Type    |
+--------------+-----+-----+------------+--------------+--------------+
|ap_clk        |  in |    1| ap_ctrl_hs |   matrixmul  | return value |
|ap_rst        |  in |    1| ap_ctrl_hs |   matrixmul  | return value |
|ap_start      |  in |    1| ap_ctrl_hs |   matrixmul  | return value |
|ap_done       | out |    1| ap_ctrl_hs |   matrixmul  | return value |
|ap_idle       | out |    1| ap_ctrl_hs |   matrixmul  | return value |
|ap_ready      | out |    1| ap_ctrl_hs |   matrixmul  | return value |
|a_address0    | out |    4|  ap_memory |       a      |     array    |
|a_ce0         | out |    1|  ap_memory |       a      |     array    |
|a_q0          |  in |    8|  ap_memory |       a      |     array    |
|a_address1    | out |    4|  ap_memory |       a      |     array    |
|a_ce1         | out |    1|  ap_memory |       a      |     array    |
|a_q1          |  in |    8|  ap_memory |       a      |     array    |
|b_address0    | out |    4|  ap_memory |       b      |     array    |
|b_ce0         | out |    1|  ap_memory |       b      |     array    |
|b_q0          |  in |    8|  ap_memory |       b      |     array    |
|b_address1    | out |    4|  ap_memory |       b      |     array    |
|b_ce1         | out |    1|  ap_memory |       b      |     array    |
|b_q1          |  in |    8|  ap_memory |       b      |     array    |
|res_address0  | out |    4|  ap_memory |      res     |     array    |
|res_ce0       | out |    1|  ap_memory |      res     |     array    |
|res_we0       | out |    1|  ap_memory |      res     |     array    |
|res_d0        | out |   16|  ap_memory |      res     |     array    |
+--------------+-----+-----+------------+--------------+--------------+

